
Processing writeweights.C...

Processing writeweights.C...
***********************************
*    Row   * Instance * MCTrack.f *
***********************************
*        0 *        8 *    7.6875 *
*        1 *        9 *    7.6875 *
*        2 *        8 *    7.6875 *
*        2 *        9 *    7.6875 *
*        3 *        8 *    7.6875 *
*        4 *        8 *    7.6875 *
*        5 *        8 *    7.6875 *
*        6 *        6 *    7.6875 *
*        7 *        6 *    7.6875 *
*        8 *       11 *    7.6875 *
*        9 *        6 *    7.6875 *
*       10 *        8 *    7.6875 *
*       11 *        5 *    7.6875 *
*       12 *        7 *    7.6875 *
*       13 *        3 *    7.6875 *
*       14 *        6 *    7.6875 *
*       15 *        5 *    7.6875 *
*       15 *        6 *    7.6875 *
*       16 *        9 *    7.6875 *
*       17 *        5 *    7.6875 *
*       18 *        8 *    7.6875 *
*       19 *        5 *    7.6875 *
*       20 *        6 *    7.6875 *
*       21 *        5 *    7.6875 *
*       21 *        6 *    7.6875 *
*       22 *        5 *    7.6875 *
*       23 *        4 *    7.6875 *
*       24 *        5 *    7.6875 *
*       25 *        8 *    7.6875 *
*       26 *        8 *    7.6875 *
*       27 *        6 *    768.75 *
*       28 *        8 *    7.6875 *
*       29 *        5 *    7.6875 *
*       30 *        8 *    7.6875 *
*       31 *        6 *    7.6875 *
*       32 *        5 *    7.6875 *
*       33 *        5 *    7.6875 *
*       34 *        8 *    7.6875 *
*       35 *        8 *    7.6875 *
*       35 *        9 *    7.6875 *
*       36 *        9 *    7.6875 *
*       36 *       10 *    7.6875 *
*       37 *        7 *    7.6875 *
*       38 *       10 *    7.6875 *
*       38 *       11 *    7.6875 *
*       39 *        6 *    7.6875 *
*       39 *        7 *    7.6875 *
*       40 *        8 *    7.6875 *
*       40 *        9 *    7.6875 *
*       41 *       10 *    768.75 *
***********************************
==> 50 selected entries

Processing writeweights.C...
***********************************
*    Row   * Instance * MCTrack.f *
***********************************
*        0 *        8 *    7.6875 *
*        1 *        9 *    7.6875 *
*        2 *        8 *    7.6875 *
*        2 *        9 *    7.6875 *
*        3 *        8 *    7.6875 *
*        4 *        8 *    7.6875 *
*        5 *        8 *    7.6875 *
*        6 *        6 *    7.6875 *
*        7 *        6 *    7.6875 *
*        8 *       11 *    7.6875 *
*        9 *        6 *    7.6875 *
*       10 *        8 *    7.6875 *
*       11 *        5 *    7.6875 *
*       12 *        7 *    7.6875 *
*       13 *        3 *    7.6875 *
*       14 *        6 *    7.6875 *
*       15 *        5 *    7.6875 *
*       15 *        6 *    7.6875 *
*       16 *        9 *    7.6875 *
*       17 *        5 *    7.6875 *
*       18 *        8 *    7.6875 *
*       19 *        5 *    7.6875 *
*       20 *        6 *    7.6875 *
*       21 *        5 *    7.6875 *
*       21 *        6 *    7.6875 *
*       22 *        5 *    7.6875 *
*       23 *        4 *    7.6875 *
*       24 *        5 *    7.6875 *
*       25 *        8 *    7.6875 *
*       26 *        8 *    7.6875 *
*       27 *        6 *    768.75 *
*       28 *        8 *    7.6875 *
*       29 *        5 *    7.6875 *
*       30 *        8 *    7.6875 *
*       31 *        6 *    7.6875 *
*       32 *        5 *    7.6875 *
*       33 *        5 *    7.6875 *
*       34 *        8 *    7.6875 *
*       35 *        8 *    7.6875 *
*       35 *        9 *    7.6875 *
*       36 *        9 *    7.6875 *
*       36 *       10 *    7.6875 *
*       37 *        7 *    7.6875 *
*       38 *       10 *    7.6875 *
*       38 *       11 *    7.6875 *
*       39 *        6 *    7.6875 *
*       39 *        7 *    7.6875 *
*       40 *        8 *    7.6875 *
*       40 *        9 *    7.6875 *
*       41 *       10 *    768.75 *
*       42 *        5 *    7.6875 *
*       43 *        6 *    7.6875 *
*       44 *        5 *    7.6875 *
*       45 *       10 *    7.6875 *
*       46 *        7 *    7.6875 *
*       47 *        8 *    7.6875 *
*       47 *        9 *    7.6875 *
*       48 *        3 *    7.6875 *
*       49 *        8 *    7.6875 *
*       49 *        9 *    7.6875 *
*       50 *        5 *    7.6875 *
*       51 *        9 *    7.6875 *
*       51 *       10 *    7.6875 *
*       52 *        5 *    7.6875 *
*       52 *        6 *    7.6875 *
*       53 *        5 *    7.6875 *
*       53 *        6 *    7.6875 *
*       54 *        5 *    7.6875 *
*       54 *        6 *    7.6875 *
*       55 *        5 *    7.6875 *
*       56 *        3 *    7.6875 *
*       57 *        7 *    7.6875 *
*       58 *        8 *    7.6875 *
*       59 *        8 *    7.6875 *
*       60 *        9 *    7.6875 *
*       61 *        8 *    7.6875 *
*       61 *        9 *    7.6875 *
*       62 *        7 *    7.6875 *
*       63 *        6 *    7.6875 *
*       63 *        7 *    7.6875 *
*       64 *        7 *    7.6875 *
*       65 *        8 *    7.6875 *
*       66 *        9 *    7.6875 *
*       67 *       10 *    7.6875 *
*       68 *        5 *    7.6875 *
*       68 *        6 *    7.6875 *
*       69 *        6 *    7.6875 *
*       70 *       10 *    7.6875 *
*       71 *        5 *    7.6875 *
*       72 *        6 *    7.6875 *
*       73 *        9 *    7.6875 *
*       74 *        9 *    768.75 *
*       75 *        5 *    7.6875 *
*       75 *        6 *    7.6875 *
*       76 *        6 *    7.6875 *
*       77 *        6 *    7.6875 *
*       77 *        7 *    7.6875 *
*       78 *        5 *    7.6875 *
*       78 *        6 *    7.6875 *
*       79 *       11 *    7.6875 *
*       80 *       11 *    7.6875 *
*       81 *        8 *    7.6875 *
*       81 *        9 *    7.6875 *
*       82 *        5 *    7.6875 *
*       82 *        6 *    7.6875 *
*       83 *        9 *    7.6875 *
*       84 *        8 *    7.6875 *
*       85 *        9 *    7.6875 *
*       86 *        5 *    7.6875 *
*       87 *        7 *    7.6875 *
*       88 *        5 *    7.6875 *
*       89 *        6 *    7.6875 *
*       90 *        7 *    7.6875 *
*       91 *        6 *    7.6875 *
*       92 *        8 *    7.6875 *
*       92 *        9 *    7.6875 *
*       93 *        8 *    7.6875 *
*       94 *        8 *    7.6875 *
*       95 *        7 *    7.6875 *
*       96 *       10 *    7.6875 *
*       96 *       11 *    7.6875 *
*       97 *       10 *    7.6875 *
*       97 *       11 *    7.6875 *
*       98 *        5 *    7.6875 *
*       99 *        8 *    7.6875 *
*      100 *        6 *    7.6875 *
*      101 *        5 *    7.6875 *
*      102 *       10 *    7.6875 *
*      103 *        7 *    7.6875 *
*      104 *       10 *    7.6875 *
*      105 *        5 *    7.6875 *
*      106 *        6 *    7.6875 *
*      107 *       10 *    768.75 *
*      108 *        4 *    7.6875 *
*      109 *        5 *    7.6875 *
*      110 *        8 *    7.6875 *
*      111 *        8 *    7.6875 *
*      112 *        7 *    7.6875 *
*      113 *        7 *    7.6875 *
*      114 *        6 *    7.6875 *
*      115 *        7 *    7.6875 *
*      115 *        8 *    7.6875 *
*      116 *        7 *    7.6875 *
*      117 *        4 *    7.6875 *
*      117 *        5 *    7.6875 *
*      118 *        8 *    7.6875 *
*      119 *        8 *    7.6875 *
*      120 *        9 *    7.6875 *
*      121 *        5 *    7.6875 *
*      122 *        5 *    7.6875 *
*      122 *        6 *    7.6875 *
*      123 *        5 *    7.6875 *
*      124 *        8 *    7.6875 *
*      124 *        9 *    7.6875 *
*      125 *        5 *    7.6875 *
*      125 *        6 *    7.6875 *
*      126 *        7 *    7.6875 *
*      127 *        7 *    7.6875 *
*      127 *        8 *    7.6875 *
*      128 *        9 *    7.6875 *
*      128 *       10 *    7.6875 *
*      129 *        5 *    7.6875 *
*      130 *        8 *    7.6875 *
*      131 *        7 *    7.6875 *
*      132 *        7 *    7.6875 *
*      133 *        7 *    7.6875 *
*      134 *        8 *    7.6875 *
*      135 *        8 *    768.75 *
*      136 *        5 *    7.6875 *
*      136 *        6 *    7.6875 *
*      137 *        8 *    7.6875 *
*      138 *        5 *    7.6875 *
*      139 *        8 *    768.75 *
*      140 *        5 *    7.6875 *
*      140 *        6 *    7.6875 *
*      141 *        2 * 326.16000 *
*      142 *        5 *    7.6875 *
*      143 *        6 *    7.6875 *
*      143 *        7 *    7.6875 *
*      144 *       11 *    7.6875 *
*      145 *        7 *    7.6875 *
*      146 *        6 *    7.6875 *
*      147 *        5 *    7.6875 *
*      147 *        6 *    7.6875 *
*      148 *        5 *    7.6875 *
*      149 *        7 *    7.6875 *
*      150 *        6 *    7.6875 *
*      150 *        7 *    7.6875 *
*      151 *        5 *    7.6875 *
*      152 *        8 *    7.6875 *
*      153 *        8 *    7.6875 *
*      154 *        5 *    7.6875 *
*      155 *        5 *    7.6875 *
*      156 *        8 *    7.6875 *
*      157 *       12 *    7.6875 *
*      158 *        5 *    7.6875 *
*      159 *        9 *    7.6875 *
*      160 *        4 *    7.6875 *
*      161 *        5 *    7.6875 *
*      162 *       10 *    7.6875 *
*      163 *        5 *    7.6875 *
*      163 *        6 *    7.6875 *
*      164 *        7 *    7.6875 *
*      165 *        9 *    768.75 *
*      166 *        6 *    7.6875 *
*      167 *        5 *    7.6875 *
*      168 *        4 *    7.6875 *
*      169 *        6 *    7.6875 *
*      169 *        7 *    7.6875 *
*      170 *        7 *    768.75 *
*      171 *       11 *    7.6875 *
*      172 *        6 *    7.6875 *
*      173 *        5 *    7.6875 *
*      174 *        7 *    7.6875 *
*      175 *        6 *    7.6875 *
*      176 *        8 *    7.6875 *
*      176 *        9 *    7.6875 *
*      177 *        6 *    7.6875 *
*      178 *       10 *    7.6875 *
*      179 *        8 *    7.6875 *
*      179 *        9 *    7.6875 *
*      180 *        2 * 326.16000 *
*      181 *        5 *    7.6875 *
*      182 *        5 *    7.6875 *
*      183 *       10 *    7.6875 *
*      184 *        5 *    7.6875 *
*      184 *        6 *    7.6875 *
*      185 *        3 * 3.2616000 *
*      185 *        4 * 3.2616000 *
*      186 *        7 *    7.6875 *
*      186 *        8 *    7.6875 *
*      187 *        9 *    7.6875 *
*      188 *        6 *    7.6875 *
*      189 *       11 *    7.6875 *
*      190 *        6 *    7.6875 *
*      191 *        7 *    768.75 *
*      192 *        8 *    7.6875 *
*      193 *        8 *    768.75 *
*      194 *        6 *    7.6875 *
*      194 *        7 *    7.6875 *
*      195 *        5 *    7.6875 *
*      196 *        3 *    7.6875 *
*      197 *        6 *    7.6875 *
*      198 *        9 *    7.6875 *
*      199 *        8 *    7.6875 *
*      200 *        9 *    7.6875 *
*      201 *        9 *    7.6875 *
*      202 *        5 *    7.6875 *
*      203 *        9 *    7.6875 *
*      204 *        2 * 326.16000 *
*      205 *        5 *    7.6875 *
*      206 *        5 *    7.6875 *
*      207 *        5 *    7.6875 *
*      207 *        6 *    7.6875 *
*      208 *        7 *    7.6875 *
*      209 *        4 *    7.6875 *
*      210 *        6 *    7.6875 *
*      211 *        5 *    7.6875 *
*      212 *        8 *    7.6875 *
*      213 *        5 *    7.6875 *
*      214 *        8 *    7.6875 *
*      215 *        5 *    7.6875 *
*      215 *        6 *    7.6875 *
*      216 *        8 *    7.6875 *
*      217 *        6 *    7.6875 *
*      218 *        8 *    7.6875 *
*      219 *       12 *    7.6875 *
*      220 *        5 *    7.6875 *
*      220 *        6 *    7.6875 *
*      221 *        6 *    7.6875 *
*      222 *        9 *    7.6875 *
*      223 *        4 *    7.6875 *
*      223 *        5 *    7.6875 *
*      224 *        6 *    7.6875 *
*      225 *        7 *    7.6875 *
*      226 *        5 *    7.6875 *
*      227 *        8 *    7.6875 *
*      228 *        6 *    7.6875 *
*      228 *        7 *    7.6875 *
*      229 *        5 *    7.6875 *
*      230 *        6 *    768.75 *
*      231 *        5 *    7.6875 *
*      231 *        6 *    7.6875 *
*      232 *        4 *    7.6875 *
*      233 *        8 *    7.6875 *
*      234 *        2 * 326.16000 *
*      235 *        6 *    7.6875 *
*      235 *        7 *    7.6875 *
*      236 *        4 *    7.6875 *
*      237 *        8 *    7.6875 *
*      237 *        9 *    7.6875 *
*      238 *        5 *    7.6875 *
*      239 *        6 *    7.6875 *
*      240 *        7 *    7.6875 *
*      241 *        7 *    7.6875 *
*      242 *        6 *    7.6875 *
*      243 *        5 *    7.6875 *
*      244 *        8 *    7.6875 *
*      245 *        5 *    7.6875 *
*      246 *        7 *    7.6875 *
*      247 *        8 *    7.6875 *
*      248 *        8 *    7.6875 *
*      248 *        9 *    7.6875 *
*      249 *        5 *    7.6875 *
*      250 *        7 *    7.6875 *
*      251 *        8 *    7.6875 *
*      252 *        8 *    7.6875 *
*      252 *        9 *    7.6875 *
*      253 *        5 *    7.6875 *
*      253 *        6 *    7.6875 *
*      254 *        6 *    7.6875 *
*      254 *        7 *    7.6875 *
*      255 *        2 * 326.16000 *
*      256 *        9 *    7.6875 *
*      257 *        8 *    7.6875 *
*      258 *        7 *    7.6875 *
*      259 *        8 *    7.6875 *
*      260 *        8 *    7.6875 *
*      261 *        8 *    7.6875 *
*      262 *        4 *    7.6875 *
*      262 *        5 *    7.6875 *
*      263 *        8 *    7.6875 *
*      264 *       14 *    7.6875 *
*      265 *        9 *    7.6875 *
*      266 *        8 *    7.6875 *
*      267 *        8 *    7.6875 *
*      268 *        5 *    7.6875 *
*      269 *        7 *    7.6875 *
*      270 *        5 *    7.6875 *
*      271 *        8 *    7.6875 *
*      272 *        6 *    7.6875 *
*      273 *        5 *    7.6875 *
*      274 *        5 *    7.6875 *
*      275 *        8 *    7.6875 *
*      276 *        5 *    7.6875 *
*      277 *        5 *    7.6875 *
*      278 *        5 *    7.6875 *
*      279 *        6 *    7.6875 *
*      280 *       10 *    7.6875 *
*      280 *       11 *    7.6875 *
*      281 *       12 *    7.6875 *
*      282 *        8 *    7.6875 *
*      282 *        9 *    7.6875 *
*      283 *        6 *    7.6875 *
*      284 *        8 *    7.6875 *
*      284 *        9 *    7.6875 *
*      285 *        5 *    7.6875 *
*      285 *        6 *    7.6875 *
*      286 *        5 *    7.6875 *
*      286 *        6 *    7.6875 *
*      287 *        5 *    7.6875 *
*      288 *        9 *    7.6875 *
*      289 *        6 *    7.6875 *
*      290 *        6 *    7.6875 *
*      290 *        7 *    7.6875 *
*      291 *        3 *    7.6875 *
*      292 *        4 *    7.6875 *
*      293 *        5 *    7.6875 *
*      294 *        5 *    7.6875 *
*      294 *        6 *    7.6875 *
*      295 *        5 *    7.6875 *
*      296 *        6 *    7.6875 *
*      297 *       10 *    768.75 *
*      298 *        9 *    7.6875 *
*      299 *        5 *    7.6875 *
*      300 *        5 *    7.6875 *
*      301 *        5 *    7.6875 *
*      302 *        7 *    7.6875 *
*      303 *       11 *    7.6875 *
*      304 *        5 *    7.6875 *
*      305 *        8 *    7.6875 *
*      306 *        6 *    7.6875 *
*      307 *        5 *    7.6875 *
*      307 *        6 *    7.6875 *
*      308 *        5 *    7.6875 *
***********************************
==> 375 selected entries
